2020-10-17 12:03:46,238 - pyswarms.backend.generators - ERROR - Bounds and/or init_pos should be of size (100,)
Traceback (most recent call last):
  File "/Users/vishwajit/.pyenv/versions/3.7.3/lib/python3.7/site-packages/pyswarms/backend/generators.py", line 74, in generate_swarm
    lb, ub = bounds
ValueError: too many values to unpack (expected 2)
2020-10-17 12:08:23,704 - pyswarms.single.global_best - INFO - Optimize for 1000 iters with {'c1': 2.8, 'c2': 1.3, 'w': 0.9}
2020-10-17 12:08:54,798 - pyswarms.single.global_best - INFO - Optimize for 1000 iters with {'c1': 2.8, 'c2': 1.3, 'w': 0.9}
2020-10-17 12:52:48,815 - pyswarms.single.global_best - INFO - Optimize for 1000 iters with {'c1': 2.8, 'c2': 1.3, 'w': 0.9}
2020-10-17 12:53:16,536 - pyswarms.single.global_best - INFO - Optimize for 1000 iters with {'c1': 2.8, 'c2': 1.3, 'w': 0.9}
2020-10-17 14:21:23,903 - pyswarms.single.global_best - INFO - Optimize for 1000 iters with {'c1': 2.8, 'c2': 1.3, 'w': 0.9}
2020-10-17 14:31:50,138 - pyswarms.single.global_best - INFO - Optimize for 1000 iters with {'c1': 2.8, 'c2': 1.3, 'w': 0.9}
2020-10-17 15:34:19,490 - pyswarms.single.global_best - INFO - Optimize for 1000 iters with {'c1': 0.5, 'c2': 0.3, 'w': 0.9}
2020-10-17 22:22:39,746 - pyswarms.single.global_best - INFO - Optimization finished | best cost: -518.3057254028321, best pos: [0.17203198 0.59932644 0.72491543 0.48449329 0.66960222 0.42434077
 0.25669232 0.70477163 0.64854156 0.18607785 0.70779306 0.49678103
 0.7306561  0.60172107 0.69946631 0.48077564 0.62638273 0.74649974
 0.37417506 0.77979754 0.710407   0.38527694 0.61310094 0.37283212
 0.48060453 0.53277655 0.65314744 0.40125635 0.30117495 0.50369648
 0.44805127 0.62589455 0.43962059 0.61700808 0.48443709 0.28648675
 0.29634683 0.27894859 0.56176087 0.54300653 0.54298656 0.49411452
 0.70418399 0.26903699 0.54998029 0.47968246 0.42040206 0.4367119
 0.40965434 0.38689162 0.61408544 0.44997787 0.47703877 0.21770848
 0.65583518 0.39223966 0.46158765 0.60288922 0.40900262 0.83821388
 0.56854728 0.53906038 0.49925656 0.56314819 0.63974239 0.53468844
 0.74259251 0.47483169 0.59254051 0.35907144 0.58594183 0.53293617
 0.58439118 0.65745577 0.56412487 0.49407682 0.38887484 0.50718649
 0.49454345 0.5460381  0.78437481 0.5822593  0.24894221 0.50739631
 0.50766124 0.37830336 0.40478489 0.56631957 0.51108573 0.63267177
 0.81758394 0.4890007  0.4900038  0.22667563 0.52639141 0.8427825
 0.34910349 0.57139381 0.20938908 0.70629751 0.41750338 0.41531023
 0.43301121 0.59932202 0.43898825 0.77580688 0.45723083 0.7750697
 0.51738129 0.34319805 0.34583712 0.53619628 0.60768432 0.51110293
 0.58181407 0.44815446 0.3806439  0.58101631 0.36365403 0.47761645
 0.35843007 0.52070842 0.26337087 0.30573947 0.37754594 0.46405008
 0.451791   0.57732524 0.32176695 0.29529399 0.32791012 0.55817708
 0.57605181 0.5715468  0.4465068  0.54703492 0.58950424 0.44072249
 0.41364124 0.71150711 0.62287706 0.79452269 0.40398729 0.38676101
 0.61832748 0.62041845 0.56586257 0.45323605 0.46297637 0.81551731
 0.52470392 0.41925835 0.43101707 0.2968355  0.43509723 0.30707448
 0.5166263  0.30880085 0.56833306 0.58320293 0.33072225 0.44633112
 0.37187272 0.57833832 0.43985172 0.5265038  0.47023921 0.4995265
 0.44772724 0.45000582 0.47106341 0.54039024 0.60966216 0.54944914
 0.49871939 0.61807899 0.41744093 0.50047877 0.36097048 0.47021076
 0.27234419 0.67523393 0.09752378 0.58162517 0.44525415 0.45537317
 0.48199789 0.59856618 0.45560609 0.49339304 0.23945309 0.56960574
 0.49267426 0.54052122 0.46204958 0.35169489 0.72864497 0.42137805
 0.42739183 0.37034965 0.40256248 0.54062925 0.42685759 0.35662115
 0.50152624 0.52765003 0.70942723 0.46402726 0.69121984 0.53052502
 0.43621451 0.55155363 0.5405642  0.61738921 0.50745871 0.32132763
 0.37274142 0.34470226 0.55346908 0.7886834  0.52918167 0.7103258
 0.27936273 0.68408809 0.62778533 0.35662884 0.4711542  0.45378762
 0.33810974 0.48870199 0.50470577 0.67453314 0.44900099 0.3999726
 0.45032847 0.40749475 0.82620238 0.50932907 0.56453209 0.47776528
 0.38861847 0.38937945 0.30792439 0.53653621 0.6007238  0.53398699
 0.47515199 0.56777969 0.3159032  0.49515238 0.50141779 0.54207402
 0.63025476 0.45933063 0.51285519 0.54093225 0.64499782 0.62065414
 0.54505391 0.61560482 0.74427724 0.57458006 0.51666245 0.63681505
 0.57985031 0.62407434 0.4915604  0.66971804 0.50928871 0.2104234
 0.6633083  0.511066   0.49288489 0.46938447 0.56368526 0.38154768
 0.69991255 0.65596074 0.31990731 0.75153114 0.60412791 0.55372875
 0.41238184 0.55294539 0.46108529 0.41089504 0.58776272 0.54563522
 0.52871612 0.38923682 0.54467404 0.40163299 0.62915085 0.29510952
 0.31689716 0.54658345 0.45090468 0.23205284 0.62660641 0.51667075
 0.44311166 0.36011758 0.63433328 0.32524608 0.86184655 0.52486681
 0.62628481 0.55963916 0.52174502 0.59912223 0.52470419 0.55840047
 0.27864894 0.55022668 0.73509818 0.33309345 0.73570651 0.57297058
 0.32664818 0.42621848 0.69660858 0.39111479 0.50330494 0.38500672
 0.65096628 0.3188229  0.53521543 0.81579185 0.41771206 0.52023686
 0.31142339 0.47227909 0.49969979 0.53122254 0.52716649 0.43704667
 0.28390623 0.31175647 0.56460276 0.55797267 0.31965645 0.35654737
 0.59495133 0.68817178 0.33959568 0.53739136 0.49333544 0.41880396
 0.44718216 0.62387188 0.32445583 0.48002118 0.52503818 0.39456642
 0.37773098 0.57274743 0.31596782 0.49958373 0.39096823 0.78165269
 0.76767227 0.63220965 0.50573558 0.4125477  0.51674913 0.40392682
 0.44867069 0.6463244  0.52198929 0.45634774 0.35174672 0.53993954
 0.47794711 0.56025544 0.51588613 0.39828777 0.25877788 0.36494134
 0.33975629 0.46274928 0.50730207 0.59818165 0.67666665 0.48234623
 0.45332701 0.46995299 0.77488204 0.50040308 0.78190384 0.65167675
 0.75675852 0.50900378 0.25981097 0.75916073 0.42771209 0.85320755
 0.55946048 0.92324064 0.51848961 0.70739007]
2020-10-17 22:38:25,457 - pyswarms.single.global_best - INFO - Optimize for 2000 iters with {'c1': 0.5, 'c2': 0.3, 'w': 0.9}
2020-10-18 10:41:47,144 - pyswarms.single.global_best - INFO - Optimization finished | best cost: -518.4162680053711, best pos: [0.81014595 0.53401424 0.62865815 0.77041393 0.37074266 0.27788768
 0.55150834 0.86005247 0.53443474 0.74431045 0.48364967 0.87479302
 0.5711115  0.7094948  0.48667798 0.71537993 0.35373563 0.63623952
 0.27777127 0.81269568 0.37477929 0.43328677 0.49112365 0.4110439
 0.42688734 0.21155978 0.47454345 0.57383875 0.25743325 0.57705888
 0.46708659 0.55005762 0.57612712 0.46755605 0.53828689 0.19577764
 0.37098816 0.64393674 0.31959075 0.61058383 0.33882892 0.53353822
 0.63349164 0.72250177 0.56879878 0.6270071  0.57704015 0.82286636
 0.63708108 0.40615982 0.48801185 0.78476156 0.44486419 0.75917954
 0.50343632 0.76761344 0.68276354 0.85994954 0.47174494 0.76299746
 0.78832895 0.48128815 0.33086077 0.6467121  0.44526354 0.44841506
 0.63269359 0.47620662 0.60856471 0.66623588 0.53295986 0.46415582
 0.46005389 0.16856148 0.6126649  0.70624156 0.51787977 0.50676971
 0.61316604 0.36013385 0.61720552 0.56960712 0.39159839 0.83195279
 0.49919136 0.23659325 0.61296332 0.76135633 0.44815949 0.32848565
 0.56120898 0.51754945 0.65713507 0.34882885 0.23950773 0.19690936
 0.53390305 0.41265829 0.5622885  0.72065106 0.44696489 0.23993776
 0.42826576 0.47342418 0.50940577 0.66038335 0.36693989 0.55305653
 0.47749494 0.58927535 0.68232422 0.60671354 0.57145295 0.81137135
 0.6699956  0.35349485 0.52001239 0.24423516 0.70525558 0.26867839
 0.75923652 0.46681453 0.34340332 0.36865706 0.61488433 0.65683385
 0.35975973 0.53603792 0.54075227 0.48019473 0.55241505 0.60990445
 0.38766089 0.27734893 0.68344478 0.56979019 0.36993983 0.53850633
 0.69245253 0.37194078 0.48305785 0.55457359 0.62150078 0.76654272
 0.39721618 0.18428769 0.34512831 0.71443056 0.45746231 0.57888486
 0.47294147 0.54495946 0.56490498 0.48708468 0.7328841  0.67580241
 0.45114158 0.6361147  0.78297621 0.61062176 0.63252553 0.63431102
 0.53375526 0.43226082 0.51317142 0.47470496 0.70317201 0.40467318
 0.22875959 0.50483214 0.51000741 0.46195923 0.43685795 0.6675665
 0.45090055 0.69177772 0.49486516 0.43396617 0.57172385 0.48387989
 0.49881672 0.72922272 0.47212263 0.31660386 0.45642484 0.49542381
 0.60816812 0.31158018 0.67801744 0.71718316 0.38323074 0.59381183
 0.61541915 0.34955789 0.40176321 0.61341398 0.31729116 0.69251729
 0.44849246 0.32101133 0.26606811 0.6555425  0.29978452 0.50082526
 0.67266924 0.36462142 0.30233067 0.50873671 0.33871267 0.54663016
 0.49764709 0.6488312  0.44672852 0.43347757 0.62241728 0.52385161
 0.367543   0.6175122  0.79962886 0.58565041 0.72310486 0.47260086
 0.6824186  0.34125765 0.46477558 0.77918691 0.48512505 0.53293455
 0.40129255 0.60355467 0.48765201 0.35075807 0.32107668 0.5479611
 0.43584352 0.34270707 0.60202075 0.57160641 0.62376742 0.33457008
 0.26584059 0.40039761 0.47977762 0.36343524 0.36408789 0.36832876
 0.53753484 0.43236765 0.72242606 0.69285001 0.32990531 0.59880898
 0.28475899 0.29666712 0.40001074 0.56199873 0.45162628 0.61410604
 0.69268234 0.40282673 0.76893689 0.3017503  0.29382133 0.49405916
 0.47302511 0.50216454 0.61021814 0.48338622 0.52317718 0.27909385
 0.26444078 0.52156137 0.3843536  0.52052922 0.56417912 0.25223225
 0.71893531 0.39465166 0.78213946 0.49914438 0.40720721 0.5921739
 0.61452146 0.43203917 0.75491235 0.34174687 0.4336027  0.72420785
 0.41901962 0.42538135 0.42517934 0.88368943 0.21710247 0.48666138
 0.72178567 0.33824618 0.39708153 0.40536331 0.40590243 0.35939777
 0.72727086 0.44716536 0.43204897 0.47903237 0.65503704 0.57636671
 0.52359825 0.63916169 0.56269608 0.49997286 0.56571012 0.35694308
 0.30449114 0.26841738 0.24618554 0.40786099 0.41318412 0.68599797
 0.50387246 0.3982108  0.65044898 0.51127841 0.39223267 0.54911011
 0.4930008  0.66475646 0.55306125 0.53915878 0.4200744  0.29775075
 0.3104669  0.70633364 0.5843569  0.51085736 0.34534634 0.46907568
 0.57967381 0.4153216  0.35313443 0.65744146 0.29093655 0.69156919
 0.37588999 0.42833569 0.60567065 0.44489346 0.68469869 0.38998095
 0.2622019  0.58126237 0.37812761 0.32130328 0.65162905 0.66995022
 0.61336432 0.39023001 0.84793352 0.46125929 0.45759655 0.83880214
 0.76254456 0.43423807 0.46990919 0.34707453 0.58780614 0.46208079
 0.63985485 0.61783754 0.45677014 0.58251066 0.57551106 0.5312033
 0.55860365 0.54517658 0.49768301 0.61095382 0.51856923 0.41828821
 0.30317247 0.5336878  0.46971449 0.63389163 0.73892454 0.43231816
 0.70667689 0.59829462 0.78347418 0.37934242 0.30461838 0.76700909
 0.38146173 0.14003846 0.81955644 0.5525833  0.65479108 0.74494417
 0.23754074 0.29445876 0.76002516 0.26024687]
2020-10-18 11:08:44,061 - pyswarms.single.global_best - INFO - Optimize for 1000 iters with {'c1': 2.8, 'c2': 1.3, 'w': 0.9}
2020-10-18 13:37:14,246 - pyswarms.single.global_best - INFO - Optimize for 1000 iters with {'c1': 2.8, 'c2': 1.3, 'w': 0.9}
2020-10-18 13:41:18,112 - pyswarms.single.global_best - INFO - Optimize for 1000 iters with {'c1': 2.8, 'c2': 1.3, 'w': 0.9}
2020-10-18 15:15:53,942 - pyswarms.single.global_best - INFO - Optimize for 1000 iters with {'c1': 2.8, 'c2': 1.3, 'w': 0.9}
